<?xml version="1.0" encoding="UTF-8"?>
<testsuite name="TestLogic" tests="2" skipped="0" failures="0" errors="0" timestamp="2022-05-31T07:15:28" hostname="192.168.1.7" time="0.042">
  <properties/>
  <testcase name="testFindMax()" classname="TestLogic" time="0.039"/>
  <testcase name="findMinTest()" classname="TestLogic" time="0.002"/>
  <system-out><![CDATA[]]></system-out>
  <system-err><![CDATA[]]></system-err>
</testsuite>
